2024-09-20 03:01:53 - o.s.w.c.s.GenericWebApplicationContext - Refreshing org.springframework.web.context.support.GenericWebApplicationContext@3bcd426c
2024-09-20 03:02:04 - org.hibernate.orm.deprecation - HHH90000025: MySQLDialect does not need to be specified explicitly using 'hibernate.dialect' (remove the property setting and it will be selected by default)
2024-09-20 03:02:11 - o.s.b.a.o.j.JpaBaseConfiguration$JpaWebConfiguration - spring.jpa.open-in-view is enabled by default. Therefore, database queries may be performed during view rendering. Explicitly configure spring.jpa.open-in-view to disable this warning
2024-09-20 03:02:12 - o.s.w.s.m.m.a.RequestMappingHandlerAdapter - ControllerAdvice beans: 0 @ModelAttribute, 0 @InitBinder, 1 RequestBodyAdvice, 1 ResponseBodyAdvice
2024-09-20 03:02:12 - o.s.w.s.m.m.a.RequestMappingHandlerMapping - 8 mappings in 'requestMappingHandlerMapping'
2024-09-20 03:02:12 - o.s.w.s.h.SimpleUrlHandlerMapping - Patterns [/webjars/**, /**] in 'resourceHandlerMapping'
2024-09-20 03:02:12 - o.s.w.s.m.m.a.ExceptionHandlerExceptionResolver - ControllerAdvice beans: 1 @ExceptionHandler, 1 ResponseBodyAdvice
2024-09-20 03:02:23 - o.s.w.f.ServerHttpObservationFilter - Filter 'webMvcObservationFilter' configured for use
2024-09-20 03:02:23 - org.hibernate.orm.deprecation - HHH90000025: MySQLDialect does not need to be specified explicitly using 'hibernate.dialect' (remove the property setting and it will be selected by default)
2024-09-20 03:02:25 - o.s.b.a.o.j.JpaBaseConfiguration$JpaWebConfiguration - spring.jpa.open-in-view is enabled by default. Therefore, database queries may be performed during view rendering. Explicitly configure spring.jpa.open-in-view to disable this warning
2024-09-20 03:02:26 - o.s.w.s.m.m.a.RequestMappingHandlerAdapter - ControllerAdvice beans: 0 @ModelAttribute, 0 @InitBinder, 1 RequestBodyAdvice, 1 ResponseBodyAdvice
2024-09-20 03:02:26 - o.s.w.s.m.m.a.RequestMappingHandlerMapping - 8 mappings in 'requestMappingHandlerMapping'
2024-09-20 03:02:26 - o.s.w.s.h.SimpleUrlHandlerMapping - Patterns [/webjars/**, /**] in 'resourceHandlerMapping'
2024-09-20 03:02:26 - o.s.w.s.m.m.a.ExceptionHandlerExceptionResolver - ControllerAdvice beans: 1 @ExceptionHandler, 1 ResponseBodyAdvice
2024-09-20 03:02:28 - o.s.web.client.RestTemplate - HTTP POST http://localhost:61878/facebook/signup
2024-09-20 03:02:28 - o.s.web.client.RestTemplate - Accept=[application/json, application/*+json]
2024-09-20 03:02:28 - o.s.web.client.RestTemplate - Writing [AddFacebookUserEntityDTO(password=Dhaka_866, email=test1@test.com, phone=null, firstName=Soyeb, lastName=Ahmed, gender=m, dob=1994-12-22)] with org.springframework.http.converter.json.MappingJackson2HttpMessageConverter
2024-09-20 03:02:28 - o.s.web.servlet.DispatcherServlet - Initializing Servlet 'dispatcherServlet'
2024-09-20 03:02:28 - o.s.web.servlet.DispatcherServlet - Detected StandardServletMultipartResolver
2024-09-20 03:02:28 - o.s.web.servlet.DispatcherServlet - Detected AcceptHeaderLocaleResolver
2024-09-20 03:02:28 - o.s.web.servlet.DispatcherServlet - Detected FixedThemeResolver
2024-09-20 03:02:28 - o.s.web.servlet.DispatcherServlet - Detected org.springframework.web.servlet.view.DefaultRequestToViewNameTranslator@1bc467bd
2024-09-20 03:02:28 - o.s.web.servlet.DispatcherServlet - Detected org.springframework.web.servlet.support.SessionFlashMapManager@20de9df
2024-09-20 03:02:28 - o.s.web.servlet.DispatcherServlet - enableLoggingRequestDetails='false': request parameters and headers will be masked to prevent unsafe logging of potentially sensitive data
2024-09-20 03:02:28 - o.s.web.servlet.DispatcherServlet - Completed initialization in 9 ms
2024-09-20 03:02:29 - o.s.web.servlet.DispatcherServlet - POST "/facebook/signup", parameters={}
2024-09-20 03:02:29 - o.s.w.s.m.m.a.RequestMappingHandlerMapping - Mapped to com.socialmedia.socialmedia2024v1.controller.SocialMedia2024V1Controller#createFacebookUserAccount(AddFacebookUserEntityDTO)
2024-09-20 03:02:29 - o.s.w.s.m.m.a.RequestResponseBodyMethodProcessor - Read "application/json;charset=UTF-8" to [AddFacebookUserEntityDTO(password=Dhaka_866, email=test1@test.com, phone=null, firstName=Soyeb, last (truncated)...]
2024-09-20 03:02:30 - o.s.w.s.m.m.a.HttpEntityMethodProcessor - Using 'application/json', given [application/json, application/*+json] and supported [text/plain, */*, application/json, application/*+json]
2024-09-20 03:02:30 - o.s.w.s.m.m.a.HttpEntityMethodProcessor - Writing ["{<EOL><EOL>  "responseMessage" : "User Account Created Successfully!",<EOL><EOL>  "statusCode" : 201,<EOL><EOL>  "userId" :  (truncated)..."]
2024-09-20 03:02:30 - o.s.web.client.RestTemplate - Response 201 CREATED
2024-09-20 03:02:30 - o.s.web.client.RestTemplate - Reading to [com.socialmedia.socialmedia2024v1.dto.ResponseDTO]
2024-09-20 03:02:30 - o.s.web.servlet.DispatcherServlet - Completed 201 CREATED
2024-09-20 03:02:31 - o.s.w.c.s.GenericWebApplicationContext - Refreshing org.springframework.web.context.support.GenericWebApplicationContext@7118a1b9
2024-09-20 03:02:37 - org.hibernate.orm.deprecation - HHH90000025: MySQLDialect does not need to be specified explicitly using 'hibernate.dialect' (remove the property setting and it will be selected by default)
2024-09-20 03:02:40 - o.s.b.a.o.j.JpaBaseConfiguration$JpaWebConfiguration - spring.jpa.open-in-view is enabled by default. Therefore, database queries may be performed during view rendering. Explicitly configure spring.jpa.open-in-view to disable this warning
2024-09-20 03:02:42 - o.s.w.s.m.m.a.RequestMappingHandlerAdapter - ControllerAdvice beans: 0 @ModelAttribute, 0 @InitBinder, 1 RequestBodyAdvice, 1 ResponseBodyAdvice
2024-09-20 03:02:42 - o.s.w.s.m.m.a.RequestMappingHandlerMapping - 8 mappings in 'requestMappingHandlerMapping'
2024-09-20 03:02:42 - o.s.w.s.h.SimpleUrlHandlerMapping - Patterns [/webjars/**, /**] in 'resourceHandlerMapping'
2024-09-20 03:02:42 - o.s.w.s.m.m.a.ExceptionHandlerExceptionResolver - ControllerAdvice beans: 1 @ExceptionHandler, 1 ResponseBodyAdvice
2024-09-20 03:02:46 - o.s.w.c.s.GenericWebApplicationContext - Closing org.springframework.web.context.support.GenericWebApplicationContext@3bcd426c, started on Fri Sep 20 03:01:53 BDT 2024
2024-09-20 03:02:47 - o.s.w.c.s.GenericWebApplicationContext - Closing org.springframework.web.context.support.GenericWebApplicationContext@7118a1b9, started on Fri Sep 20 03:02:31 BDT 2024
